# JRE version: OpenJDK Runtime Environment Temurin-17.0.8.1+1 (17.0.8.1+1) (build 17.0.8.1+1)
# Java VM: OpenJDK 64-Bit Server VM Temurin-17.0.8.1+1 (17.0.8.1+1, mixed mode, emulated-client, tiered, compressed oops, compressed class ptrs, g1 gc, windows-amd64)
GC Precious Log:
 CPUs: 4 total, 4 available
 Memory: 3959M
 Large Page Support: Disabled
 NUMA Support: Disabled
 Compressed Oops: Enabled (32-bit)
 Heap Region Size: 1M
 Heap Min Capacity: 8M
 Heap Initial Capacity: 62M
 Heap Max Capacity: 1G
 Pre-touch: Disabled
 Parallel Workers: 4
 Concurrent Workers: 1
 Concurrent Refinement Workers: 4
 Periodic GC: Disabled
Heap:
 garbage-first heap   total 65536K, used 24165K [0x00000000c0000000, 0x0000000100000000)
  region size 1024K, 1 young (1024K), 0 survivors (0K)
 Metaspace       used 58142K, committed 58816K, reserved 1114112K
  class space    used 7214K, committed 7488K, reserved 1048576K
GC Heap History (20 events):
Event: 28.383 GC heap before
{Heap before GC invocations=21 (full 0):
 garbage-first heap   total 61440K, used 36319K [0x00000000c0000000, 0x0000000100000000)
  region size 1024K, 3 young (3072K), 2 survivors (2048K)
 Metaspace       used 53188K, committed 53696K, reserved 1114112K
  class space    used 6611K, committed 6848K, reserved 1048576K
}
Event: 28.386 GC heap after
{Heap after GC invocations=22 (full 0):
 garbage-first heap   total 61440K, used 35389K [0x00000000c0000000, 0x0000000100000000)
  region size 1024K, 1 young (1024K), 1 survivors (1024K)
 Metaspace       used 53188K, committed 53696K, reserved 1114112K
  class space    used 6611K, committed 6848K, reserved 1048576K
}
Event: 28.596 GC heap before
{Heap before GC invocations=22 (full 0):
 garbage-first heap   total 61440K, used 46653K [0x00000000c0000000, 0x0000000100000000)
  region size 1024K, 12 young (12288K), 1 survivors (1024K)
 Metaspace       used 54290K, committed 54784K, reserved 1114112K
  class space    used 6739K, committed 6976K, reserved 1048576K
}
Event: 28.598 GC heap after
{Heap after GC invocations=23 (full 0):
 garbage-first heap   total 61440K, used 35927K [0x00000000c0000000, 0x0000000100000000)
  region size 1024K, 1 young (1024K), 1 survivors (1024K)
 Metaspace       used 54290K, committed 54784K, reserved 1114112K
  class space    used 6739K, committed 6976K, reserved 1048576K
}
Event: 29.706 GC heap before
{Heap before GC invocations=24 (full 0):
 garbage-first heap   total 65536K, used 46167K [0x00000000c0000000, 0x0000000100000000)
  region size 1024K, 12 young (12288K), 1 survivors (1024K)
 Metaspace       used 56662K, committed 57152K, reserved 1114112K
  class space    used 7019K, committed 7296K, reserved 1048576K
}
Event: 29.709 GC heap after
{Heap after GC invocations=25 (full 0):
 garbage-first heap   total 65536K, used 36764K [0x00000000c0000000, 0x0000000100000000)
  region size 1024K, 2 young (2048K), 2 survivors (2048K)
 Metaspace       used 56662K, committed 57152K, reserved 1114112K
  class space    used 7019K, committed 7296K, reserved 1048576K
}
Event: 29.732 GC heap before
{Heap before GC invocations=25 (full 0):
 garbage-first heap   total 65536K, used 37788K [0x00000000c0000000, 0x0000000100000000)
  region size 1024K, 3 young (3072K), 2 survivors (2048K)
 Metaspace       used 56917K, committed 57408K, reserved 1114112K
  class space    used 7053K, committed 7296K, reserved 1048576K
}
Event: 29.737 GC heap after
{Heap after GC invocations=26 (full 0):
 garbage-first heap   total 65536K, used 36567K [0x00000000c0000000, 0x0000000100000000)
  region size 1024K, 1 young (1024K), 1 survivors (1024K)
 Metaspace       used 56917K, committed 57408K, reserved 1114112K
  class space    used 7053K, committed 7296K, reserved 1048576K
}
Event: 77.900 GC heap before
{Heap before GC invocations=26 (full 0):
 garbage-first heap   total 65536K, used 48855K [0x00000000c0000000, 0x0000000100000000)
  region size 1024K, 15 young (15360K), 1 survivors (1024K)
 Metaspace       used 58358K, committed 58816K, reserved 1114112K
  class space    used 7263K, committed 7488K, reserved 1048576K
}
Event: 77.955 GC heap after
{Heap after GC invocations=27 (full 1):
 garbage-first heap   total 65536K, used 33409K [0x00000000c0000000, 0x0000000100000000)
  region size 1024K, 0 young (0K), 0 survivors (0K)
 Metaspace       used 58358K, committed 58816K, reserved 1114112K
  class space    used 7263K, committed 7488K, reserved 1048576K
}
Event: 88.512 GC heap before
{Heap before GC invocations=27 (full 1):
 garbage-first heap   total 65536K, used 33409K [0x00000000c0000000, 0x0000000100000000)
  region size 1024K, 1 young (1024K), 0 survivors (0K)
 Metaspace       used 58360K, committed 58816K, reserved 1114112K
  class space    used 7264K, committed 7488K, reserved 1048576K
}
Event: 88.593 GC heap after
{Heap after GC invocations=28 (full 2):
 garbage-first heap   total 65536K, used 24166K [0x00000000c0000000, 0x0000000100000000)
  region size 1024K, 0 young (0K), 0 survivors (0K)
 Metaspace       used 58142K, committed 58816K, reserved 1114112K
  class space    used 7214K, committed 7488K, reserved 1048576K
}
Event: 98.742 GC heap before
{Heap before GC invocations=28 (full 2):
 garbage-first heap   total 65536K, used 24166K [0x00000000c0000000, 0x0000000100000000)
  region size 1024K, 1 young (1024K), 0 survivors (0K)
 Metaspace       used 58142K, committed 58816K, reserved 1114112K
  class space    used 7214K, committed 7488K, reserved 1048576K
}
Event: 98.784 GC heap after
{Heap after GC invocations=29 (full 3):
 garbage-first heap   total 65536K, used 24165K [0x00000000c0000000, 0x0000000100000000)
  region size 1024K, 0 young (0K), 0 survivors (0K)
 Metaspace       used 58142K, committed 58816K, reserved 1114112K
  class space    used 7214K, committed 7488K, reserved 1048576K
}
Event: 108.951 GC heap before
{Heap before GC invocations=29 (full 3):
 garbage-first heap   total 65536K, used 24165K [0x00000000c0000000, 0x0000000100000000)
  region size 1024K, 1 young (1024K), 0 survivors (0K)
 Metaspace       used 58142K, committed 58816K, reserved 1114112K
  class space    used 7214K, committed 7488K, reserved 1048576K
}
Event: 109.000 GC heap after
{Heap after GC invocations=30 (full 4):
 garbage-first heap   total 65536K, used 24165K [0x00000000c0000000, 0x0000000100000000)
  region size 1024K, 0 young (0K), 0 survivors (0K)
 Metaspace       used 58142K, committed 58816K, reserved 1114112K
  class space    used 7214K, committed 7488K, reserved 1048576K
}
Event: 119.249 GC heap before
{Heap before GC invocations=30 (full 4):
 garbage-first heap   total 65536K, used 24165K [0x00000000c0000000, 0x0000000100000000)
  region size 1024K, 1 young (1024K), 0 survivors (0K)
 Metaspace       used 58142K, committed 58816K, reserved 1114112K
  class space    used 7214K, committed 7488K, reserved 1048576K
}
Event: 119.302 GC heap after
{Heap after GC invocations=31 (full 5):
 garbage-first heap   total 65536K, used 24165K [0x00000000c0000000, 0x0000000100000000)
  region size 1024K, 0 young (0K), 0 survivors (0K)
 Metaspace       used 58142K, committed 58816K, reserved 1114112K
  class space    used 7214K, committed 7488K, reserved 1048576K
}
Event: 129.741 GC heap before
{Heap before GC invocations=31 (full 5):
 garbage-first heap   total 65536K, used 24165K [0x00000000c0000000, 0x0000000100000000)
  region size 1024K, 1 young (1024K), 0 survivors (0K)
 Metaspace       used 58142K, committed 58816K, reserved 1114112K
  class space    used 7214K, committed 7488K, reserved 1048576K
}
Event: 129.796 GC heap after
{Heap after GC invocations=32 (full 6):
 garbage-first heap   total 65536K, used 24165K [0x00000000c0000000, 0x0000000100000000)
  region size 1024K, 0 young (0K), 0 survivors (0K)
 Metaspace       used 58142K, committed 58816K, reserved 1114112K
  class space    used 7214K, committed 7488K, reserved 1048576K
}

