# JRE version: OpenJDK Runtime Environment Temurin-17.0.8.1+1 (17.0.8.1+1) (build 17.0.8.1+1)
# Java VM: OpenJDK 64-Bit Server VM Temurin-17.0.8.1+1 (17.0.8.1+1, mixed mode, emulated-client, tiered, compressed oops, compressed class ptrs, g1 gc, windows-amd64)
GC Precious Log:
 CPUs: 4 total, 4 available
 Memory: 3959M
 Large Page Support: Disabled
 NUMA Support: Disabled
 Compressed Oops: Enabled (32-bit)
 Heap Region Size: 1M
 Heap Min Capacity: 8M
 Heap Initial Capacity: 62M
 Heap Max Capacity: 990M
 Pre-touch: Disabled
 Parallel Workers: 4
 Concurrent Workers: 1
 Concurrent Refinement Workers: 4
 Periodic GC: Disabled
Heap:
 garbage-first heap   total 59392K, used 11577K [0x00000000c2200000, 0x0000000100000000)
  region size 1024K, 1 young (1024K), 1 survivors (1024K)
 Metaspace       used 28824K, committed 29120K, reserved 1114112K
  class space    used 3502K, committed 3648K, reserved 1048576K
GC Heap History (13 events):
Event: 2.609 GC heap before
{Heap before GC invocations=0 (full 0):
 garbage-first heap   total 63488K, used 13312K [0x00000000c2200000, 0x0000000100000000)
  region size 1024K, 13 young (13312K), 0 survivors (0K)
 Metaspace       used 12829K, committed 13120K, reserved 1114112K
  class space    used 1312K, committed 1472K, reserved 1048576K
}
Event: 2.624 GC heap after
{Heap after GC invocations=1 (full 0):
 garbage-first heap   total 63488K, used 6368K [0x00000000c2200000, 0x0000000100000000)
  region size 1024K, 2 young (2048K), 2 survivors (2048K)
 Metaspace       used 12829K, committed 13120K, reserved 1114112K
  class space    used 1312K, committed 1472K, reserved 1048576K
}
Event: 3.254 GC heap before
{Heap before GC invocations=1 (full 0):
 garbage-first heap   total 63488K, used 16608K [0x00000000c2200000, 0x0000000100000000)
  region size 1024K, 12 young (12288K), 2 survivors (2048K)
 Metaspace       used 15928K, committed 16192K, reserved 1114112K
  class space    used 1697K, committed 1792K, reserved 1048576K
}
Event: 3.261 GC heap after
{Heap after GC invocations=2 (full 0):
 garbage-first heap   total 63488K, used 8167K [0x00000000c2200000, 0x0000000100000000)
  region size 1024K, 2 young (2048K), 2 survivors (2048K)
 Metaspace       used 15928K, committed 16192K, reserved 1114112K
  class space    used 1697K, committed 1792K, reserved 1048576K
}
Event: 4.094 GC heap before
{Heap before GC invocations=2 (full 0):
 garbage-first heap   total 63488K, used 26599K [0x00000000c2200000, 0x0000000100000000)
  region size 1024K, 21 young (21504K), 2 survivors (2048K)
 Metaspace       used 20275K, committed 20480K, reserved 1114112K
  class space    used 2335K, committed 2432K, reserved 1048576K
}
Event: 4.104 GC heap after
{Heap after GC invocations=3 (full 0):
 garbage-first heap   total 63488K, used 9358K [0x00000000c2200000, 0x0000000100000000)
  region size 1024K, 3 young (3072K), 3 survivors (3072K)
 Metaspace       used 20275K, committed 20480K, reserved 1114112K
  class space    used 2335K, committed 2432K, reserved 1048576K
}
Event: 4.310 GC heap before
{Heap before GC invocations=3 (full 0):
 garbage-first heap   total 63488K, used 12430K [0x00000000c2200000, 0x0000000100000000)
  region size 1024K, 8 young (8192K), 3 survivors (3072K)
 Metaspace       used 21260K, committed 21504K, reserved 1114112K
  class space    used 2465K, committed 2560K, reserved 1048576K
}
Event: 4.316 GC heap after
{Heap after GC invocations=4 (full 0):
 garbage-first heap   total 63488K, used 9799K [0x00000000c2200000, 0x0000000100000000)
  region size 1024K, 2 young (2048K), 2 survivors (2048K)
 Metaspace       used 21260K, committed 21504K, reserved 1114112K
  class space    used 2465K, committed 2560K, reserved 1048576K
}
Event: 4.884 GC heap before
{Heap before GC invocations=5 (full 0):
 garbage-first heap   total 37888K, used 28231K [0x00000000c2200000, 0x0000000100000000)
  region size 1024K, 22 young (22528K), 2 survivors (2048K)
 Metaspace       used 25556K, committed 25792K, reserved 1114112K
  class space    used 3158K, committed 3264K, reserved 1048576K
}
Event: 4.889 GC heap after
{Heap after GC invocations=6 (full 0):
 garbage-first heap   total 37888K, used 11157K [0x00000000c2200000, 0x0000000100000000)
  region size 1024K, 3 young (3072K), 3 survivors (3072K)
 Metaspace       used 25556K, committed 25792K, reserved 1114112K
  class space    used 3158K, committed 3264K, reserved 1048576K
}
Event: 4.916 GC heap before
{Heap before GC invocations=6 (full 0):
 garbage-first heap   total 37888K, used 11157K [0x00000000c2200000, 0x0000000100000000)
  region size 1024K, 4 young (4096K), 3 survivors (3072K)
 Metaspace       used 25917K, committed 26176K, reserved 1114112K
  class space    used 3193K, committed 3328K, reserved 1048576K
}
Event: 4.925 GC heap after
{Heap after GC invocations=7 (full 0):
 garbage-first heap   total 37888K, used 11119K [0x00000000c2200000, 0x0000000100000000)
  region size 1024K, 1 young (1024K), 1 survivors (1024K)
 Metaspace       used 25917K, committed 26176K, reserved 1114112K
  class space    used 3193K, committed 3328K, reserved 1048576K
}
Event: 5.512 GC heap before
{Heap before GC invocations=7 (full 0):
 garbage-first heap   total 37888K, used 23407K [0x00000000c2200000, 0x0000000100000000)
  region size 1024K, 14 young (14336K), 1 survivors (1024K)
 Metaspace       used 28824K, committed 29120K, reserved 1114112K
  class space    used 3502K, committed 3648K, reserved 1048576K
}

